[00:45:12] [Server thread/INFO]: vichoclo777 fell from a high place
[00:45:46] [Server thread/INFO]: vichoclo777 teleported to -619.5 62.0 -924.5 minecraft:overworld
[00:46:03] [Server thread/INFO]: vichoclo777 teleported to -1233.5 -32.0 -242.5 minecraft:overworld
[00:46:41] [Server thread/INFO]: vichoclo777 was shot by Skeleton
[00:47:09] [Server thread/INFO]: vichoclo777 teleported to -1202.5 -26.0 -282.5 minecraft:overworld
[00:48:45] [User Authenticator #5/INFO]: UUID of player Luengou is 2e8e99dc-4bf6-47c0-a2be-173eef77eb25
[00:48:49] [Server thread/INFO]: Luengou[/127.132.58.206:60733] logged in with entity id 18051 at (-1109.0775776264745, 63.0, -630.5455666584013)
[00:48:49] [Server thread/INFO]: Sending server config values to client
[00:48:49] [Server thread/INFO]: Loading config from file...
[00:48:49] [Server thread/INFO]: Luengou joined the game
[00:48:50] [Server thread/INFO]: Receiving client config
[00:49:59] [Server thread/INFO]: vichoclo777 teleported to -1227.5 64.0 -250.5 minecraft:overworld
[00:51:04] [Server thread/INFO]: vichoclo777 teleported to -1151.5 66.0 -504.5 minecraft:overworld
[00:51:26] [Server thread/INFO]: [Luengou: Teleported Luengou to vichoclo777]
[00:54:09] [Server thread/INFO]: [Luengou: Teleported Luengou to vichoclo777]
[00:56:23] [Server thread/INFO]: vichoclo777 teleported to -1151.5 66.0 -504.5 minecraft:overworld
[00:56:26] [Server thread/INFO]: [Luengou: Teleported Luengou to vichoclo777]
[01:02:28] [Server thread/INFO]: vichoclo777 teleported to -1151.5 66.0 -504.5 minecraft:overworld
[01:05:05] [Worker-Main-3/WARN]: Ignoring unknown attribute 'forge:entity_gravity'
[01:08:58] [Server thread/INFO]: [Luengou: Teleported Luengou to vichoclo777]
[01:09:51] [Server thread/INFO]: Villager class_1646['Merna'/26847, l='ServerLevel[world]', x=-975.48, y=65.00, z=-210.91] died, message: 'Merna burned to death'
[01:09:51] [Server thread/INFO]: Named entity class_1646['Merna'/26847, l='ServerLevel[world]', x=-975.48, y=65.00, z=-210.91] died: Merna burned to death
[01:12:49] [Server thread/INFO]: vichoclo777 teleported to -1306.5 64.0 -215.5 minecraft:overworld
[01:12:50] [Server thread/INFO]: Luengou teleported to -1189.5 72.0 -452.5 minecraft:overworld
[01:13:10] [Server thread/INFO]: [vichoclo777: Teleported vichoclo777 to Luengou]
[01:21:43] [Server thread/INFO]: Luengou teleported to -1277.0 -32.0 -236.0 minecraft:overworld
[01:27:16] [Server thread/INFO]: <vichoclo777> dame unos minutos
[01:27:32] [Server thread/INFO]: <vichoclo777> altoke vuelvo bro
[01:27:41] [Server thread/INFO]: vichoclo777 lost connection: Disconnected
[01:27:41] [Server thread/INFO]: vichoclo777 left the game
[01:31:41] [Server thread/INFO]: Luengou teleported to -1350.0 -54.0 -75.0 minecraft:overworld
[01:55:17] [Server thread/INFO]: Luengou teleported to -1103.5 64.0 -647.5 minecraft:overworld
[01:56:16] [Server thread/INFO]: Luengou teleported to -1189.5 72.0 -452.5 minecraft:overworld
[01:56:34] [Server thread/INFO]: Luengou teleported to -1103.5 64.0 -647.5 minecraft:overworld
[01:58:06] [Server thread/INFO]: Luengou teleported to -1040.0 68.0 -826.0 minecraft:overworld
[02:01:56] [Server thread/INFO]: Luengou teleported to -338.0 67.0 -1104.0 minecraft:overworld
[02:03:50] [Server thread/INFO]: Luengou teleported to -1105.5 79.0 -633.5 minecraft:overworld
[02:09:18] [Server thread/INFO]: Luengou teleported to 235.0 72.0 -561.0 minecraft:overworld
[02:11:20] [Server thread/INFO]: Villager class_1646['Dana'/41682, l='ServerLevel[world]', x=200.47, y=65.59, z=-551.33] died, message: 'Dana burned to death'
[02:11:20] [Server thread/INFO]: Named entity class_1646['Dana'/41682, l='ServerLevel[world]', x=200.47, y=65.59, z=-551.33] died: Dana burned to death
[02:11:55] [Server thread/WARN]: Luengou moved wrongly!
[02:12:23] [Server thread/INFO]: Luengou teleported to -1105.5 79.0 -633.5 minecraft:overworld
[02:15:07] [Server thread/INFO]: Luengou teleported to -1189.5 72.0 -452.5 minecraft:overworld
[02:16:02] [Server thread/INFO]: Luengou teleported to -1105.5 63.0 -632.5 minecraft:overworld
[02:17:12] [Server thread/INFO]: Luengou teleported to -1595.0 74.0 -398.0 minecraft:overworld
[02:17:29] [Server thread/INFO]: Luengou has made the advancement [Ice Bucket Challenge]
[02:19:16] [Server thread/INFO]: Luengou teleported to -1105.5 63.0 -632.5 minecraft:overworld
[02:19:20] [User Authenticator #6/INFO]: UUID of player vichoclo777 is 782c50a0-b2c9-4257-9dcb-0503a41cc01a
[02:19:24] [Server thread/INFO]: vichoclo777[/127.253.158.223:39899] logged in with entity id 45003 at (-1277.549113712775, -44.0, -238.36250715340668)
[02:19:24] [Server thread/INFO]: Sending server config values to client
[02:19:24] [Server thread/INFO]: Loading config from file...
[02:19:24] [Server thread/INFO]: vichoclo777 joined the game
[02:19:24] [Server thread/INFO]: Receiving client config
[02:19:25] [Server thread/INFO]: [Luengou: Set the weather to clear]
[02:19:42] [Server thread/INFO]: [vichoclo777: Teleported vichoclo777 to Luengou]
